<?xml version="1.0" encoding="UTF-8"?>
<!-- Generated by org.testng.reporters.JUnitXMLReporter -->
<testsuite hostname="UB00352" ignored="0" name="Default test" tests="3" failures="0" timestamp="2019-11-11T13:48:50 GMT" time="39.051" errors="0">
  <testcase name="Test1" time="7.643" classname="com.AutomationTalks.demoProject1.TestClass1"/>
  <testcase name="Test2" time="5.312" classname="com.AutomationTalks.demoProject1.TestClass1"/>
  <testcase name="Test3" time="3.408" classname="com.AutomationTalks.demoProject1.TestClass1"/>
</testsuite> <!-- Default test -->
