<?xml version="1.0" encoding="UTF-8"?>
<!-- Generated by org.testng.reporters.JUnitXMLReporter -->
<testsuite hostname="UB00352" ignored="0" name="Default test" tests="3" failures="0" timestamp="2019-11-29T16:59:49 GMT" time="64.82" errors="0">
  <testcase name="Test1" time="11.123" classname="com.AutomationTalks.demoProject1.TestClass1"/>
  <testcase name="Test2" time="4.608" classname="com.AutomationTalks.demoProject1.TestClass1"/>
  <testcase name="Test3" time="4.263" classname="com.AutomationTalks.demoProject1.TestClass1"/>
</testsuite> <!-- Default test -->
