<?xml version="1.0" encoding="UTF-8"?>
<!-- Generated by org.testng.reporters.JUnitXMLReporter -->
<testsuite hostname="UB00352" ignored="0" name="Test" tests="3" failures="0" timestamp="2019-11-20T16:41:13 GMT" time="30.149" errors="0">
  <testcase name="Test1" time="5.426" classname="com.AutomationTalks.demoProject1.TestClass1"/>
  <testcase name="Test2" time="3.799" classname="com.AutomationTalks.demoProject1.TestClass1"/>
  <testcase name="Test3" time="4.151" classname="com.AutomationTalks.demoProject1.TestClass1"/>
</testsuite> <!-- Test -->
