<?xml version="1.0" encoding="UTF-8"?>
<!-- Generated by org.testng.reporters.JUnitXMLReporter -->
<testsuite hostname="UB00352" ignored="0" name="Test" tests="3" failures="0" timestamp="09 Nov 2019 06:17:43 GMT" time="33.909" errors="0">
  <testcase name="Test1" time="6.313" classname="com.AutomationTalks.demoProject1.TestClass1"/>
  <testcase name="Test2" time="5.627" classname="com.AutomationTalks.demoProject1.TestClass1"/>
  <testcase name="Test3" time="4.645" classname="com.AutomationTalks.demoProject1.TestClass1"/>
</testsuite> <!-- Test -->
