<?xml version="1.0" encoding="UTF-8"?>
<!-- Generated by org.testng.reporters.JUnitXMLReporter -->
<testsuite hostname="UB00352" ignored="0" name="Test" tests="3" failures="0" timestamp="20 Nov 2019 16:40:25 GMT" time="29.426" errors="0">
  <testcase name="Test1" time="4.856" classname="com.AutomationTalks.demoProject1.TestClass1"/>
  <testcase name="Test2" time="3.876" classname="com.AutomationTalks.demoProject1.TestClass1"/>
  <testcase name="Test3" time="3.969" classname="com.AutomationTalks.demoProject1.TestClass1"/>
</testsuite> <!-- Test -->
