<?xml version="1.0" encoding="UTF-8"?>
<!-- Generated by org.testng.reporters.JUnitXMLReporter -->
<testsuite hostname="UB00352" ignored="0" name="Test" tests="3" failures="0" timestamp="09 Nov 2019 07:07:34 GMT" time="27.506" errors="0">
  <testcase name="Test1" time="4.809" classname="com.AutomationTalks.demoProject1.TestClass1"/>
  <testcase name="Test2" time="3.499" classname="com.AutomationTalks.demoProject1.TestClass1"/>
  <testcase name="Test3" time="3.626" classname="com.AutomationTalks.demoProject1.TestClass1"/>
</testsuite> <!-- Test -->
