<?xml version="1.0" encoding="UTF-8"?>
<testng-results skipped="0" failed="0" ignored="0" total="3" passed="3">
  <reporter-output>
  </reporter-output>
  <suite name="Default suite" duration-ms="64820" started-at="2019-11-29T16:58:44 GMT" finished-at="2019-11-29T16:59:49 GMT">
    <groups>
    </groups>
    <test name="Default test" duration-ms="64820" started-at="2019-11-29T16:58:44 GMT" finished-at="2019-11-29T16:59:49 GMT">
      <class name="com.AutomationTalks.demoProject1.TestClass1">
        <test-method status="PASS" signature="launchDriver()[pri:0, instance:com.AutomationTalks.demoProject1.TestClass1@33f88ab]" name="launchDriver" is-config="true" duration-ms="31887" started-at="2019-11-29T16:58:44 GMT" finished-at="2019-11-29T16:59:16 GMT">
          <reporter-output>
          </reporter-output>
        </test-method> <!-- launchDriver -->
        <test-method status="PASS" signature="Test1()[pri:0, instance:com.AutomationTalks.demoProject1.TestClass1@33f88ab]" name="Test1" duration-ms="11123" started-at="2019-11-29T16:59:16 GMT" finished-at="2019-11-29T16:59:27 GMT">
          <reporter-output>
          </reporter-output>
        </test-method> <!-- Test1 -->
        <test-method status="PASS" signature="quit()[pri:0, instance:com.AutomationTalks.demoProject1.TestClass1@33f88ab]" name="quit" is-config="true" duration-ms="956" started-at="2019-11-29T16:59:27 GMT" finished-at="2019-11-29T16:59:28 GMT">
          <reporter-output>
          </reporter-output>
        </test-method> <!-- quit -->
        <test-method status="PASS" signature="launchDriver()[pri:0, instance:com.AutomationTalks.demoProject1.TestClass1@33f88ab]" name="launchDriver" is-config="true" duration-ms="6194" started-at="2019-11-29T16:59:28 GMT" finished-at="2019-11-29T16:59:34 GMT">
          <reporter-output>
          </reporter-output>
        </test-method> <!-- launchDriver -->
        <test-method status="PASS" signature="Test2()[pri:0, instance:com.AutomationTalks.demoProject1.TestClass1@33f88ab]" name="Test2" duration-ms="4608" started-at="2019-11-29T16:59:34 GMT" finished-at="2019-11-29T16:59:39 GMT">
          <reporter-output>
          </reporter-output>
        </test-method> <!-- Test2 -->
        <test-method status="PASS" signature="quit()[pri:0, instance:com.AutomationTalks.demoProject1.TestClass1@33f88ab]" name="quit" is-config="true" duration-ms="1483" started-at="2019-11-29T16:59:39 GMT" finished-at="2019-11-29T16:59:40 GMT">
          <reporter-output>
          </reporter-output>
        </test-method> <!-- quit -->
        <test-method status="PASS" signature="launchDriver()[pri:0, instance:com.AutomationTalks.demoProject1.TestClass1@33f88ab]" name="launchDriver" is-config="true" duration-ms="3172" started-at="2019-11-29T16:59:40 GMT" finished-at="2019-11-29T16:59:43 GMT">
          <reporter-output>
          </reporter-output>
        </test-method> <!-- launchDriver -->
        <test-method status="PASS" signature="Test3()[pri:0, instance:com.AutomationTalks.demoProject1.TestClass1@33f88ab]" name="Test3" duration-ms="4263" started-at="2019-11-29T16:59:43 GMT" finished-at="2019-11-29T16:59:48 GMT">
          <reporter-output>
          </reporter-output>
        </test-method> <!-- Test3 -->
        <test-method status="PASS" signature="quit()[pri:0, instance:com.AutomationTalks.demoProject1.TestClass1@33f88ab]" name="quit" is-config="true" duration-ms="1044" started-at="2019-11-29T16:59:48 GMT" finished-at="2019-11-29T16:59:49 GMT">
          <reporter-output>
          </reporter-output>
        </test-method> <!-- quit -->
      </class> <!-- com.AutomationTalks.demoProject1.TestClass1 -->
    </test> <!-- Default test -->
  </suite> <!-- Default suite -->
</testng-results>
